android/app/build/intermediates/manifest_merge_blame_file/devRelease/manifest-merger-blame-dev-release-report.txt
1<?xml version="1.0" encoding="utf-8"?>
2<manifest xmlns:android="http://schemas.android.com/apk/res/android"
3    package="com.zampi.app.dev"
4    android:versionCode="102"
5    android:versionName="1.0.0" >
6
7    <uses-sdk
8        android:minSdkVersion="21"
8-->src/main/AndroidManifest.xml
9        android:targetSdkVersion="30" />
9-->src/main/AndroidManifest.xml
10
11    <uses-permission android:name="android.permission.INTERNET" />
11-->src/main/AndroidManifest.xml:4:5-67
11-->src/main/AndroidManifest.xml:4:22-64
12    <uses-permission android:name="android.permission.BIND_TELECOM_CONNECTION_SERVICE" />
12-->src/main/AndroidManifest.xml:5:5-89
12-->src/main/AndroidManifest.xml:5:22-87
13    <uses-permission android:name="android.permission.FOREGROUND_SERVICE" />
13-->src/main/AndroidManifest.xml:6:5-77
13-->src/main/AndroidManifest.xml:6:22-74
14    <uses-permission
14-->src/main/AndroidManifest.xml:7:5-75
15        android:name="android.permission.READ_PHONE_STATE"
15-->src/main/AndroidManifest.xml:7:22-72
16        android:maxSdkVersion="29" />
16-->[:react-native-callkeep] AndroidManifest.xml:14:9-35
17    <uses-permission android:name="android.permission.CALL_PHONE" />
17-->src/main/AndroidManifest.xml:8:5-69
17-->src/main/AndroidManifest.xml:8:22-66
18    <uses-permission android:name="android.permission.ACCESS_NETWORK_STATE" />
18-->[:react-native-firebase_analytics] AndroidManifest.xml:11:5-79
18-->[:react-native-firebase_analytics] AndroidManifest.xml:11:22-76
19    <uses-permission android:name="android.permission.WAKE_LOCK" /> <!-- TODO(salakar) Not sure if this should be part of the package manifest or leave to users app manifest code? -->
19-->[:react-native-firebase_analytics] AndroidManifest.xml:13:5-68
19-->[:react-native-firebase_analytics] AndroidManifest.xml:13:22-65
20    <uses-permission android:name="android.permission.READ_EXTERNAL_STORAGE" />
20-->[:react-native-firebase_storage] AndroidManifest.xml:15:5-80
20-->[:react-native-firebase_storage] AndroidManifest.xml:15:22-77
21    <uses-permission android:name="android.permission.WRITE_EXTERNAL_STORAGE" />
21-->[:react-native-firebase_storage] AndroidManifest.xml:16:5-81
21-->[:react-native-firebase_storage] AndroidManifest.xml:16:22-78
22    <uses-permission android:name="android.permission.READ_PHONE_NUMBERS" />
22-->[:react-native-callkeep] AndroidManifest.xml:15:5-77
22-->[:react-native-callkeep] AndroidManifest.xml:15:22-74
23    <uses-permission android:name="android.permission.MANAGE_OWN_CALLS" />
23-->[:react-native-callkeep] AndroidManifest.xml:16:5-75
23-->[:react-native-callkeep] AndroidManifest.xml:16:22-72
24    <uses-permission android:name="android.permission.READ_CALL_LOG" /> <!-- Required by older versions of Google Play services to create IID tokens -->
24-->[:react-native-callkeep] AndroidManifest.xml:17:5-72
24-->[:react-native-callkeep] AndroidManifest.xml:17:22-69
25    <uses-permission android:name="com.google.android.c2dm.permission.RECEIVE" />
25-->[com.google.android.gms:play-services-iid:17.0.0] AndroidManifest.xml:23:5-82
25-->[com.google.android.gms:play-services-iid:17.0.0] AndroidManifest.xml:23:22-79
26    <uses-permission android:name="com.google.android.finsky.permission.BIND_GET_INSTALL_REFERRER_SERVICE" />
26-->[com.google.android.gms:play-services-measurement:18.0.2] AndroidManifest.xml:26:5-110
26-->[com.google.android.gms:play-services-measurement:18.0.2] AndroidManifest.xml:26:22-107
27    <uses-permission android:name="android.permission.RECORD_AUDIO" />
27-->[com.twilio:voice-android:5.7.2] AndroidManifest.xml:10:5-71
27-->[com.twilio:voice-android:5.7.2] AndroidManifest.xml:10:22-68
28    <uses-permission android:name="android.permission.MODIFY_AUDIO_SETTINGS" />
28-->[com.twilio:voice-android:5.7.2] AndroidManifest.xml:11:5-80
28-->[com.twilio:voice-android:5.7.2] AndroidManifest.xml:11:22-77
29    <uses-permission android:name="android.permission.ACCESS_WIFI_STATE" />
29-->[com.twilio:voice-android:5.7.2] AndroidManifest.xml:13:5-76
29-->[com.twilio:voice-android:5.7.2] AndroidManifest.xml:13:22-73
30
31    <application
31-->src/main/AndroidManifest.xml:10:5-38:19
32        android:name="com.zampi.app.MainApplication"
32-->src/main/AndroidManifest.xml:11:7-38
33        android:allowBackup="false"
33-->src/main/AndroidManifest.xml:15:7-34
34        android:appComponentFactory="androidx.core.app.CoreComponentFactory"
34-->[androidx.core:core:1.3.0-rc01] AndroidManifest.xml:24:18-86
35        android:icon="@mipmap/ic_launcher"
35-->src/main/AndroidManifest.xml:13:7-41
36        android:label="@string/app_name"
36-->src/main/AndroidManifest.xml:12:7-39
37        android:roundIcon="@mipmap/ic_launcher_round"
37-->src/main/AndroidManifest.xml:14:7-52
38        android:theme="@style/AppTheme" >
38-->src/main/AndroidManifest.xml:16:7-38
39        <service
39-->src/main/AndroidManifest.xml:17:7-25:17
40            android:name="io.wazo.callkeep.VoiceConnectionService"
40-->src/main/AndroidManifest.xml:17:16-70
41            android:foregroundServiceType="phoneCall"
41-->src/main/AndroidManifest.xml:20:9-50
42            android:label="Wazo"
42-->src/main/AndroidManifest.xml:18:9-29
43            android:permission="android.permission.BIND_TELECOM_CONNECTION_SERVICE" >
43-->src/main/AndroidManifest.xml:19:9-80
44            <intent-filter>
44-->src/main/AndroidManifest.xml:22:11-24:27
45                <action android:name="android.telecom.ConnectionService" />
45-->src/main/AndroidManifest.xml:23:15-74
45-->src/main/AndroidManifest.xml:23:23-71
46            </intent-filter>
47        </service>
48
49        <activity
49-->src/main/AndroidManifest.xml:27:7-37:18
50            android:name="com.zampi.app.MainActivity"
50-->src/main/AndroidManifest.xml:28:9-37
51            android:configChanges="keyboard|keyboardHidden|orientation|screenSize|uiMode"
51-->src/main/AndroidManifest.xml:30:9-86
52            android:label="@string/app_name"
52-->src/main/AndroidManifest.xml:29:9-41
53            android:launchMode="singleTask"
53-->src/main/AndroidManifest.xml:31:9-40
54            android:windowSoftInputMode="adjustResize" >
54-->src/main/AndroidManifest.xml:32:9-51
55            <intent-filter>
55-->src/main/AndroidManifest.xml:33:9-36:25
56                <action android:name="android.intent.action.MAIN" />
56-->src/main/AndroidManifest.xml:34:13-65
56-->src/main/AndroidManifest.xml:34:21-62
57
58                <category android:name="android.intent.category.LAUNCHER" />
58-->src/main/AndroidManifest.xml:35:13-73
58-->src/main/AndroidManifest.xml:35:23-70
59            </intent-filter>
60        </activity>
61
62        <meta-data
62-->[:react-native-firebase_analytics] AndroidManifest.xml:16:9-18:36
63            android:name="firebase_analytics_collection_enabled"
63-->[:react-native-firebase_analytics] AndroidManifest.xml:17:13-65
64            android:value="true" />
64-->[:react-native-firebase_analytics] AndroidManifest.xml:18:13-33
65
66        <service android:name="io.invertase.firebase.messaging.ReactNativeFirebaseMessagingHeadlessService" />
66-->[:react-native-firebase_messaging] AndroidManifest.xml:16:9-111
66-->[:react-native-firebase_messaging] AndroidManifest.xml:16:18-108
67        <service
67-->[:react-native-firebase_messaging] AndroidManifest.xml:17:9-23:19
68            android:name="io.invertase.firebase.messaging.ReactNativeFirebaseMessagingService"
68-->[:react-native-firebase_messaging] AndroidManifest.xml:18:13-95
69            android:exported="false" >
69-->[:react-native-firebase_messaging] AndroidManifest.xml:19:13-37
70            <intent-filter>
70-->[:react-native-firebase_messaging] AndroidManifest.xml:20:13-22:29
71                <action android:name="com.google.firebase.MESSAGING_EVENT" />
71-->[:react-native-firebase_messaging] AndroidManifest.xml:21:17-78
71-->[:react-native-firebase_messaging] AndroidManifest.xml:21:25-75
72            </intent-filter>
73        </service>
74
75        <receiver
75-->[:react-native-firebase_messaging] AndroidManifest.xml:25:9-32:20
76            android:name="io.invertase.firebase.messaging.ReactNativeFirebaseMessagingReceiver"
76-->[:react-native-firebase_messaging] AndroidManifest.xml:26:13-96
77            android:exported="true"
77-->[:react-native-firebase_messaging] AndroidManifest.xml:27:13-36
78            android:permission="com.google.android.c2dm.permission.SEND" >
78-->[:react-native-firebase_messaging] AndroidManifest.xml:28:13-73
79            <intent-filter>
79-->[:react-native-firebase_messaging] AndroidManifest.xml:29:13-31:29
80                <action android:name="com.google.android.c2dm.intent.RECEIVE" />
80-->[:react-native-firebase_messaging] AndroidManifest.xml:30:17-81
80-->[:react-native-firebase_messaging] AndroidManifest.xml:30:25-78
81            </intent-filter>
82        </receiver>
83
84        <meta-data
84-->[:react-native-firebase_messaging] AndroidManifest.xml:34:9-36:36
85            android:name="firebase_messaging_auto_init_enabled"
85-->[:react-native-firebase_messaging] AndroidManifest.xml:35:13-64
86            android:value="true" />
86-->[:react-native-firebase_messaging] AndroidManifest.xml:36:13-33
87        <meta-data
87-->[:react-native-firebase_messaging] AndroidManifest.xml:37:9-39:32
88            android:name="com.google.firebase.messaging.default_notification_channel_id"
88-->[:react-native-firebase_messaging] AndroidManifest.xml:38:13-89
89            android:value="" />
89-->[:react-native-firebase_messaging] AndroidManifest.xml:39:13-29
90        <meta-data
90-->[:react-native-firebase_messaging] AndroidManifest.xml:40:9-42:47
91            android:name="com.google.firebase.messaging.default_notification_color"
91-->[:react-native-firebase_messaging] AndroidManifest.xml:41:13-84
92            android:resource="@color/white" /> <!-- The main service, handles playback, playlists and media buttons -->
92-->[:react-native-firebase_messaging] AndroidManifest.xml:42:13-44
93        <service
93-->[:react-native-track-player] AndroidManifest.xml:17:9-24:19
94            android:name="com.guichaguri.trackplayer.service.MusicService"
94-->[:react-native-track-player] AndroidManifest.xml:18:13-75
95            android:enabled="true"
95-->[:react-native-track-player] AndroidManifest.xml:19:13-35
96            android:exported="true" >
96-->[:react-native-track-player] AndroidManifest.xml:20:13-36
97            <intent-filter>
97-->[:react-native-track-player] AndroidManifest.xml:21:13-23:29
98                <action android:name="android.intent.action.MEDIA_BUTTON" />
98-->[:react-native-track-player] AndroidManifest.xml:22:17-77
98-->[:react-native-track-player] AndroidManifest.xml:22:25-74
99            </intent-filter>
100        </service> <!-- A receiver that will receive media buttons. Required on pre-lollipop devices -->
101        <receiver android:name="androidx.media.session.MediaButtonReceiver" >
101-->[:react-native-track-player] AndroidManifest.xml:27:9-31:20
101-->[:react-native-track-player] AndroidManifest.xml:27:19-76
102            <intent-filter>
102-->[:react-native-track-player] AndroidManifest.xml:21:13-23:29
103                <action android:name="android.intent.action.MEDIA_BUTTON" />
103-->[:react-native-track-player] AndroidManifest.xml:22:17-77
103-->[:react-native-track-player] AndroidManifest.xml:22:25-74
104            </intent-filter>
105        </receiver>
106        <!--
107             FirebaseMessagingService performs security checks at runtime,
108             but set to not exported to explicitly avoid allowing another app to call it.
109        -->
110        <service
110-->[com.google.firebase:firebase-messaging:21.0.1] AndroidManifest.xml:28:9-35:19
111            android:name="com.google.firebase.messaging.FirebaseMessagingService"
111-->[com.google.firebase:firebase-messaging:21.0.1] AndroidManifest.xml:29:13-82
112            android:directBootAware="true"
112-->[com.google.firebase:firebase-messaging:21.0.1] AndroidManifest.xml:30:13-43
113            android:exported="false" >
113-->[com.google.firebase:firebase-messaging:21.0.1] AndroidManifest.xml:31:13-37
114            <intent-filter android:priority="-500" >
114-->[:react-native-firebase_messaging] AndroidManifest.xml:20:13-22:29
115                <action android:name="com.google.firebase.MESSAGING_EVENT" />
115-->[:react-native-firebase_messaging] AndroidManifest.xml:21:17-78
115-->[:react-native-firebase_messaging] AndroidManifest.xml:21:25-75
116            </intent-filter>
117        </service>
118        <service
118-->[com.google.firebase:firebase-messaging:21.0.1] AndroidManifest.xml:36:9-42:19
119            android:name="com.google.firebase.components.ComponentDiscoveryService"
119-->[com.google.firebase:firebase-messaging:21.0.1] AndroidManifest.xml:37:13-84
120            android:directBootAware="true"
120-->[com.google.firebase:firebase-common:19.5.0] AndroidManifest.xml:35:13-43
121            android:exported="false" >
121-->[com.google.firebase:firebase-messaging:21.0.1] AndroidManifest.xml:38:13-37
122            <meta-data
122-->[com.google.firebase:firebase-messaging:21.0.1] AndroidManifest.xml:39:13-41:85
123                android:name="com.google.firebase.components:com.google.firebase.messaging.FirebaseMessagingRegistrar"
123-->[com.google.firebase:firebase-messaging:21.0.1] AndroidManifest.xml:40:17-119
124                android:value="com.google.firebase.components.ComponentRegistrar" />
124-->[com.google.firebase:firebase-messaging:21.0.1] AndroidManifest.xml:41:17-82
125            <meta-data
125-->[com.google.firebase:firebase-datatransport:17.0.10] AndroidManifest.xml:28:13-30:85
126                android:name="com.google.firebase.components:com.google.firebase.datatransport.TransportRegistrar"
126-->[com.google.firebase:firebase-datatransport:17.0.10] AndroidManifest.xml:29:17-115
127                android:value="com.google.firebase.components.ComponentRegistrar" />
127-->[com.google.firebase:firebase-datatransport:17.0.10] AndroidManifest.xml:30:17-82
128            <meta-data
128-->[com.google.firebase:firebase-auth:20.0.3] AndroidManifest.xml:77:13-79:85
129                android:name="com.google.firebase.components:com.google.firebase.auth.FirebaseAuthRegistrar"
129-->[com.google.firebase:firebase-auth:20.0.3] AndroidManifest.xml:78:17-109
130                android:value="com.google.firebase.components.ComponentRegistrar" />
130-->[com.google.firebase:firebase-auth:20.0.3] AndroidManifest.xml:79:17-82
131            <meta-data
131-->[com.google.firebase:firebase-storage:19.2.2] AndroidManifest.xml:33:13-35:85
132                android:name="com.google.firebase.components:com.google.firebase.storage.StorageRegistrar"
132-->[com.google.firebase:firebase-storage:19.2.2] AndroidManifest.xml:34:17-107
133                android:value="com.google.firebase.components.ComponentRegistrar" />
133-->[com.google.firebase:firebase-storage:19.2.2] AndroidManifest.xml:35:17-82
134            <meta-data
134-->[com.google.firebase:firebase-iid:21.0.1] AndroidManifest.xml:32:13-34:85
135                android:name="com.google.firebase.components:com.google.firebase.iid.Registrar"
135-->[com.google.firebase:firebase-iid:21.0.1] AndroidManifest.xml:33:17-96
136                android:value="com.google.firebase.components.ComponentRegistrar" />
136-->[com.google.firebase:firebase-iid:21.0.1] AndroidManifest.xml:34:17-82
137            <meta-data
137-->[com.google.firebase:firebase-config:20.0.4] AndroidManifest.xml:32:13-34:85
138                android:name="com.google.firebase.components:com.google.firebase.remoteconfig.RemoteConfigRegistrar"
138-->[com.google.firebase:firebase-config:20.0.4] AndroidManifest.xml:33:17-117
139                android:value="com.google.firebase.components.ComponentRegistrar" />
139-->[com.google.firebase:firebase-config:20.0.4] AndroidManifest.xml:34:17-82
140            <meta-data
140-->[com.google.android.gms:play-services-measurement-api:18.0.2] AndroidManifest.xml:30:13-32:85
141                android:name="com.google.firebase.components:com.google.firebase.analytics.connector.internal.AnalyticsConnectorRegistrar"
141-->[com.google.android.gms:play-services-measurement-api:18.0.2] AndroidManifest.xml:31:17-139
142                android:value="com.google.firebase.components.ComponentRegistrar" />
142-->[com.google.android.gms:play-services-measurement-api:18.0.2] AndroidManifest.xml:32:17-82
143            <meta-data
143-->[com.google.firebase:firebase-abt:20.0.0] AndroidManifest.xml:13:13-15:85
144                android:name="com.google.firebase.components:com.google.firebase.abt.component.AbtRegistrar"
144-->[com.google.firebase:firebase-abt:20.0.0] AndroidManifest.xml:14:17-109
145                android:value="com.google.firebase.components.ComponentRegistrar" />
145-->[com.google.firebase:firebase-abt:20.0.0] AndroidManifest.xml:15:17-82
146            <meta-data
146-->[com.google.firebase:firebase-installations:16.3.5] AndroidManifest.xml:18:13-20:85
147                android:name="com.google.firebase.components:com.google.firebase.installations.FirebaseInstallationsRegistrar"
147-->[com.google.firebase:firebase-installations:16.3.5] AndroidManifest.xml:19:17-127
148                android:value="com.google.firebase.components.ComponentRegistrar" />
148-->[com.google.firebase:firebase-installations:16.3.5] AndroidManifest.xml:20:17-82
149            <!--
150                This registrar is not defined in the dynamic-module-support sdk itself to allow non-firebase
151                clients to use it as well, by defining this registrar in their own core/common library.
152            -->
153            <meta-data
153-->[com.google.firebase:firebase-common:19.5.0] AndroidManifest.xml:43:13-45:85
154                android:name="com.google.firebase.components:com.google.firebase.dynamicloading.DynamicLoadingRegistrar"
154-->[com.google.firebase:firebase-common:19.5.0] AndroidManifest.xml:44:17-121
155                android:value="com.google.firebase.components.ComponentRegistrar" />
155-->[com.google.firebase:firebase-common:19.5.0] AndroidManifest.xml:45:17-82
156        </service>
157        <service
157-->[com.google.android.datatransport:transport-backend-cct:2.3.3] AndroidManifest.xml:29:9-35:19
158            android:name="com.google.android.datatransport.runtime.backends.TransportBackendDiscovery"
158-->[com.google.android.datatransport:transport-backend-cct:2.3.3] AndroidManifest.xml:30:13-103
159            android:exported="false" >
159-->[com.google.android.datatransport:transport-backend-cct:2.3.3] AndroidManifest.xml:31:13-37
160            <meta-data
160-->[com.google.android.datatransport:transport-backend-cct:2.3.3] AndroidManifest.xml:32:13-34:39
161                android:name="backend:com.google.android.datatransport.cct.CctBackendFactory"
161-->[com.google.android.datatransport:transport-backend-cct:2.3.3] AndroidManifest.xml:33:17-94
162                android:value="cct" />
162-->[com.google.android.datatransport:transport-backend-cct:2.3.3] AndroidManifest.xml:34:17-36
163        </service>
164        <service
164-->[com.google.android.datatransport:transport-runtime:2.2.5] AndroidManifest.xml:26:9-30:19
165            android:name="com.google.android.datatransport.runtime.scheduling.jobscheduling.JobInfoSchedulerService"
165-->[com.google.android.datatransport:transport-runtime:2.2.5] AndroidManifest.xml:27:13-117
166            android:exported="false"
166-->[com.google.android.datatransport:transport-runtime:2.2.5] AndroidManifest.xml:28:13-37
167            android:permission="android.permission.BIND_JOB_SERVICE" >
167-->[com.google.android.datatransport:transport-runtime:2.2.5] AndroidManifest.xml:29:13-69
168        </service>
169
170        <receiver
170-->[com.google.android.datatransport:transport-runtime:2.2.5] AndroidManifest.xml:32:9-34:40
171            android:name="com.google.android.datatransport.runtime.scheduling.jobscheduling.AlarmManagerSchedulerBroadcastReceiver"
171-->[com.google.android.datatransport:transport-runtime:2.2.5] AndroidManifest.xml:33:13-132
172            android:exported="false" />
172-->[com.google.android.datatransport:transport-runtime:2.2.5] AndroidManifest.xml:34:13-37
173
174        <activity
174-->[com.google.android.gms:play-services-auth:19.0.0] AndroidManifest.xml:23:9-27:75
175            android:name="com.google.android.gms.auth.api.signin.internal.SignInHubActivity"
175-->[com.google.android.gms:play-services-auth:19.0.0] AndroidManifest.xml:24:13-93
176            android:excludeFromRecents="true"
176-->[com.google.android.gms:play-services-auth:19.0.0] AndroidManifest.xml:25:13-46
177            android:exported="false"
177-->[com.google.android.gms:play-services-auth:19.0.0] AndroidManifest.xml:26:13-37
178            android:theme="@android:style/Theme.Translucent.NoTitleBar" />
178-->[com.google.android.gms:play-services-auth:19.0.0] AndroidManifest.xml:27:13-72
179        <!--
180            Service handling Google Sign-In user revocation. For apps that do not integrate with
181            Google Sign-In, this service will never be started.
182        -->
183        <service
183-->[com.google.android.gms:play-services-auth:19.0.0] AndroidManifest.xml:33:9-37:51
184            android:name="com.google.android.gms.auth.api.signin.RevocationBoundService"
184-->[com.google.android.gms:play-services-auth:19.0.0] AndroidManifest.xml:34:13-89
185            android:exported="true"
185-->[com.google.android.gms:play-services-auth:19.0.0] AndroidManifest.xml:35:13-36
186            android:permission="com.google.android.gms.auth.api.signin.permission.REVOCATION_NOTIFICATION"
186-->[com.google.android.gms:play-services-auth:19.0.0] AndroidManifest.xml:36:13-107
187            android:visibleToInstantApps="true" />
187-->[com.google.android.gms:play-services-auth:19.0.0] AndroidManifest.xml:37:13-48
188
189        <activity
189-->[com.google.firebase:firebase-auth:20.0.3] AndroidManifest.xml:27:9-44:20
190            android:name="com.google.firebase.auth.internal.GenericIdpActivity"
190-->[com.google.firebase:firebase-auth:20.0.3] AndroidManifest.xml:28:13-80
191            android:excludeFromRecents="true"
191-->[com.google.firebase:firebase-auth:20.0.3] AndroidManifest.xml:29:13-46
192            android:exported="true"
192-->[com.google.firebase:firebase-auth:20.0.3] AndroidManifest.xml:30:13-36
193            android:launchMode="singleTask"
193-->[com.google.firebase:firebase-auth:20.0.3] AndroidManifest.xml:31:13-44
194            android:theme="@android:style/Theme.Translucent.NoTitleBar" >
194-->[com.google.firebase:firebase-auth:20.0.3] AndroidManifest.xml:32:13-72
195            <intent-filter>
195-->[com.google.firebase:firebase-auth:20.0.3] AndroidManifest.xml:33:13-43:29
196                <action android:name="android.intent.action.VIEW" />
196-->[com.google.firebase:firebase-auth:20.0.3] AndroidManifest.xml:34:17-69
196-->[com.google.firebase:firebase-auth:20.0.3] AndroidManifest.xml:34:25-66
197
198                <category android:name="android.intent.category.DEFAULT" />
198-->[com.google.firebase:firebase-auth:20.0.3] AndroidManifest.xml:36:17-76
198-->[com.google.firebase:firebase-auth:20.0.3] AndroidManifest.xml:36:27-73
199                <category android:name="android.intent.category.BROWSABLE" />
199-->[com.google.firebase:firebase-auth:20.0.3] AndroidManifest.xml:37:17-78
199-->[com.google.firebase:firebase-auth:20.0.3] AndroidManifest.xml:37:27-75
200
201                <data
201-->[com.google.firebase:firebase-auth:20.0.3] AndroidManifest.xml:39:17-42:51
202                    android:host="firebase.auth"
202-->[com.google.firebase:firebase-auth:20.0.3] AndroidManifest.xml:40:21-49
203                    android:path="/"
203-->[com.google.firebase:firebase-auth:20.0.3] AndroidManifest.xml:41:21-37
204                    android:scheme="genericidp" />
204-->[com.google.firebase:firebase-auth:20.0.3] AndroidManifest.xml:42:21-48
205            </intent-filter>
206        </activity>
207        <activity
207-->[com.google.firebase:firebase-auth:20.0.3] AndroidManifest.xml:45:9-62:20
208            android:name="com.google.firebase.auth.internal.RecaptchaActivity"
208-->[com.google.firebase:firebase-auth:20.0.3] AndroidManifest.xml:46:13-79
209            android:excludeFromRecents="true"
209-->[com.google.firebase:firebase-auth:20.0.3] AndroidManifest.xml:47:13-46
210            android:exported="true"
210-->[com.google.firebase:firebase-auth:20.0.3] AndroidManifest.xml:48:13-36
211            android:launchMode="singleTask"
211-->[com.google.firebase:firebase-auth:20.0.3] AndroidManifest.xml:49:13-44
212            android:theme="@android:style/Theme.Translucent.NoTitleBar" >
212-->[com.google.firebase:firebase-auth:20.0.3] AndroidManifest.xml:50:13-72
213            <intent-filter>
213-->[com.google.firebase:firebase-auth:20.0.3] AndroidManifest.xml:51:13-61:29
214                <action android:name="android.intent.action.VIEW" />
214-->[com.google.firebase:firebase-auth:20.0.3] AndroidManifest.xml:34:17-69
214-->[com.google.firebase:firebase-auth:20.0.3] AndroidManifest.xml:34:25-66
215
216                <category android:name="android.intent.category.DEFAULT" />
216-->[com.google.firebase:firebase-auth:20.0.3] AndroidManifest.xml:36:17-76
216-->[com.google.firebase:firebase-auth:20.0.3] AndroidManifest.xml:36:27-73
217                <category android:name="android.intent.category.BROWSABLE" />
217-->[com.google.firebase:firebase-auth:20.0.3] AndroidManifest.xml:37:17-78
217-->[com.google.firebase:firebase-auth:20.0.3] AndroidManifest.xml:37:27-75
218
219                <data
219-->[com.google.firebase:firebase-auth:20.0.3] AndroidManifest.xml:39:17-42:51
220                    android:host="firebase.auth"
220-->[com.google.firebase:firebase-auth:20.0.3] AndroidManifest.xml:40:21-49
221                    android:path="/"
221-->[com.google.firebase:firebase-auth:20.0.3] AndroidManifest.xml:41:21-37
222                    android:scheme="recaptcha" />
222-->[com.google.firebase:firebase-auth:20.0.3] AndroidManifest.xml:42:21-48
223            </intent-filter>
224        </activity>
225
226        <service
226-->[com.google.firebase:firebase-auth:20.0.3] AndroidManifest.xml:64:9-73:19
227            android:name="com.google.firebase.auth.api.fallback.service.FirebaseAuthFallbackService"
227-->[com.google.firebase:firebase-auth:20.0.3] AndroidManifest.xml:65:13-101
228            android:enabled="true"
228-->[com.google.firebase:firebase-auth:20.0.3] AndroidManifest.xml:66:13-35
229            android:exported="false" >
229-->[com.google.firebase:firebase-auth:20.0.3] AndroidManifest.xml:67:13-37
230            <intent-filter>
230-->[com.google.firebase:firebase-auth:20.0.3] AndroidManifest.xml:68:13-72:29
231                <action android:name="com.google.firebase.auth.api.gms.service.START" />
231-->[com.google.firebase:firebase-auth:20.0.3] AndroidManifest.xml:69:17-89
231-->[com.google.firebase:firebase-auth:20.0.3] AndroidManifest.xml:69:25-86
232
233                <category android:name="android.intent.category.DEFAULT" />
233-->[com.google.firebase:firebase-auth:20.0.3] AndroidManifest.xml:36:17-76
233-->[com.google.firebase:firebase-auth:20.0.3] AndroidManifest.xml:36:27-73
234            </intent-filter>
235        </service>
236
237        <receiver
237-->[com.google.firebase:firebase-iid:21.0.1] AndroidManifest.xml:37:9-44:20
238            android:name="com.google.firebase.iid.FirebaseInstanceIdReceiver"
238-->[com.google.firebase:firebase-iid:21.0.1] AndroidManifest.xml:38:13-78
239            android:exported="true"
239-->[com.google.firebase:firebase-iid:21.0.1] AndroidManifest.xml:39:13-36
240            android:permission="com.google.android.c2dm.permission.SEND" >
240-->[com.google.firebase:firebase-iid:21.0.1] AndroidManifest.xml:40:13-73
241            <intent-filter>
241-->[:react-native-firebase_messaging] AndroidManifest.xml:29:13-31:29
242                <action android:name="com.google.android.c2dm.intent.RECEIVE" />
242-->[:react-native-firebase_messaging] AndroidManifest.xml:30:17-81
242-->[:react-native-firebase_messaging] AndroidManifest.xml:30:25-78
243            </intent-filter>
244        </receiver>
245
246        <activity
246-->[com.google.android.gms:play-services-base:17.1.0] AndroidManifest.xml:23:9-26:75
247            android:name="com.google.android.gms.common.api.GoogleApiActivity"
247-->[com.google.android.gms:play-services-base:17.1.0] AndroidManifest.xml:24:13-79
248            android:exported="false"
248-->[com.google.android.gms:play-services-base:17.1.0] AndroidManifest.xml:25:13-37
249            android:theme="@android:style/Theme.Translucent.NoTitleBar" />
249-->[com.google.android.gms:play-services-base:17.1.0] AndroidManifest.xml:26:13-72
250
251        <provider
251-->[com.google.firebase:firebase-common:19.5.0] AndroidManifest.xml:26:9-31:39
252            android:name="com.google.firebase.provider.FirebaseInitProvider"
252-->[com.google.firebase:firebase-common:19.5.0] AndroidManifest.xml:27:13-77
253            android:authorities="com.zampi.app.dev.firebaseinitprovider"
253-->[com.google.firebase:firebase-common:19.5.0] AndroidManifest.xml:28:13-72
254            android:directBootAware="true"
254-->[com.google.firebase:firebase-common:19.5.0] AndroidManifest.xml:29:13-43
255            android:exported="false"
255-->[com.google.firebase:firebase-common:19.5.0] AndroidManifest.xml:30:13-37
256            android:initOrder="100" />
256-->[com.google.firebase:firebase-common:19.5.0] AndroidManifest.xml:31:13-36
257
258        <receiver
258-->[com.google.android.gms:play-services-measurement:18.0.2] AndroidManifest.xml:29:9-33:20
259            android:name="com.google.android.gms.measurement.AppMeasurementReceiver"